Started GET "/employees/new" for 172.23.0.1 at 2022-06-15 07:58:36 +0000
Cannot render console from 172.23.0.1! Allowed networks: 127.0.0.0/127.255.255.255, ::1
  [1m[35m (2.7ms)[0m  [1m[34mSELECT sqlite_version(*)[0m
  [1m[35m (8.7ms)[0m  [1m[34mSELECT "schema_migrations"."version" FROM "schema_migrations" ORDER BY "schema_migrations"."version" ASC[0m
Processing by EmployeesController#new as HTML
  [1m[36mEmployee Load (6.3ms)[0m  [1m[34mSELECT "employees".* FROM "employees" WHERE "employees"."id" = ? LIMIT ?[0m  [["id", 1], ["LIMIT", 1]]
  â†³ app/helpers/sessions_helper.rb:7:in `current_user'
  Rendering layout layouts/application.html.erb
  Rendering employees/new.html.erb within layouts/application
  [1m[36mDepartment Load (5.2ms)[0m  [1m[34mSELECT "departments".* FROM "departments"[0m
  â†³ app/views/employees/_form.html.erb:46
  [1m[36mOffice Load (6.9ms)[0m  [1m[34mSELECT "offices".* FROM "offices"[0m
  â†³ app/views/employees/_form.html.erb:51
  Rendered employees/_form.html.erb (Duration: 101.3ms | Allocations: 8430)
  Rendered employees/new.html.erb within layouts/application (Duration: 106.7ms | Allocations: 8536)
[Webpacker] Everything's up-to-date. Nothing to do
[Webpacker] Everything's up-to-date. Nothing to do
  Rendered layouts/_header.html.erb (Duration: 43.9ms | Allocations: 1372)
  Rendered layout layouts/application.html.erb (Duration: 615.3ms | Allocations: 12952)
Completed 200 OK in 879ms (Views: 613.3ms | ActiveRecord: 18.3ms | Allocations: 24160)


Started GET "/employees/new" for 172.23.0.1 at 2022-06-15 07:58:42 +0000
Cannot render console from 172.23.0.1! Allowed networks: 127.0.0.0/127.255.255.255, ::1
Processing by EmployeesController#new as HTML
  [1m[36mEmployee Load (37.7ms)[0m  [1m[34mSELECT "employees".* FROM "employees" WHERE "employees"."id" = ? LIMIT ?[0m  [["id", 1], ["LIMIT", 1]]
  â†³ app/helpers/sessions_helper.rb:7:in `current_user'
  Rendering layout layouts/application.html.erb
  Rendering employees/new.html.erb within layouts/application
  [1m[36mDepartment Load (4.0ms)[0m  [1m[34mSELECT "departments".* FROM "departments"[0m
  â†³ app/views/employees/_form.html.erb:46
  [1m[36mOffice Load (2.2ms)[0m  [1m[34mSELECT "offices".* FROM "offices"[0m
  â†³ app/views/employees/_form.html.erb:51
  Rendered employees/_form.html.erb (Duration: 36.0ms | Allocations: 3841)
  Rendered employees/new.html.erb within layouts/application (Duration: 40.4ms | Allocations: 3934)
[Webpacker] Everything's up-to-date. Nothing to do
[Webpacker] Everything's up-to-date. Nothing to do
  Rendered layouts/_header.html.erb (Duration: 48.6ms | Allocations: 1353)
  Rendered layout layouts/application.html.erb (Duration: 168.0ms | Allocations: 8135)
Completed 200 OK in 224ms (Views: 167.5ms | ActiveRecord: 43.9ms | Allocations: 9280)


Started GET "/employees/new" for 172.23.0.1 at 2022-06-15 08:01:20 +0000
Cannot render console from 172.23.0.1! Allowed networks: 127.0.0.0/127.255.255.255, ::1
Processing by EmployeesController#new as HTML
  [1m[36mEmployee Load (3.7ms)[0m  [1m[34mSELECT "employees".* FROM "employees" WHERE "employees"."id" = ? LIMIT ?[0m  [["id", 1], ["LIMIT", 1]]
  â†³ app/helpers/sessions_helper.rb:7:in `current_user'
  Rendering layout layouts/application.html.erb
  Rendering employees/new.html.erb within layouts/application
  [1m[36mDepartment Load (2.2ms)[0m  [1m[34mSELECT "departments".* FROM "departments"[0m
  â†³ app/views/employees/_form.html.erb:46
  [1m[36mOffice Load (2.3ms)[0m  [1m[34mSELECT "offices".* FROM "offices"[0m
  â†³ app/views/employees/_form.html.erb:51
  Rendered employees/_form.html.erb (Duration: 53.0ms | Allocations: 4725)
  Rendered employees/new.html.erb within layouts/application (Duration: 68.7ms | Allocations: 5066)
[Webpacker] Everything's up-to-date. Nothing to do
[Webpacker] Everything's up-to-date. Nothing to do
  Rendered layouts/_header.html.erb (Duration: 42.5ms | Allocations: 1559)
  Rendered layout layouts/application.html.erb (Duration: 222.8ms | Allocations: 10021)
Completed 200 OK in 308ms (Views: 240.9ms | ActiveRecord: 8.2ms | Allocations: 11902)


Started GET "/employees/new" for 172.23.0.1 at 2022-06-15 08:01:22 +0000
Cannot render console from 172.23.0.1! Allowed networks: 127.0.0.0/127.255.255.255, ::1
Processing by EmployeesController#new as HTML
  [1m[36mEmployee Load (3.4ms)[0m  [1m[34mSELECT "employees".* FROM "employees" WHERE "employees"."id" = ? LIMIT ?[0m  [["id", 1], ["LIMIT", 1]]
  â†³ app/helpers/sessions_helper.rb:7:in `current_user'
  Rendering layout layouts/application.html.erb
  Rendering employees/new.html.erb within layouts/application
  [1m[36mDepartment Load (2.8ms)[0m  [1m[34mSELECT "departments".* FROM "departments"[0m
  â†³ app/views/employees/_form.html.erb:46
  [1m[36mOffice Load (2.8ms)[0m  [1m[34mSELECT "offices".* FROM "offices"[0m
  â†³ app/views/employees/_form.html.erb:51
  Rendered employees/_form.html.erb (Duration: 45.3ms | Allocations: 3853)
  Rendered employees/new.html.erb within layouts/application (Duration: 47.9ms | Allocations: 3946)
[Webpacker] Everything's up-to-date. Nothing to do
[Webpacker] Everything's up-to-date. Nothing to do
  Rendered layouts/_header.html.erb (Duration: 32.2ms | Allocations: 1353)
  Rendered layout layouts/application.html.erb (Duration: 179.5ms | Allocations: 8158)
Completed 200 OK in 203ms (Views: 179.1ms | ActiveRecord: 9.0ms | Allocations: 9309)


Started GET "/employees" for 172.23.0.1 at 2022-06-15 08:01:24 +0000
Cannot render console from 172.23.0.1! Allowed networks: 127.0.0.0/127.255.255.255, ::1
Processing by EmployeesController#index as HTML
  [1m[36mEmployee Load (4.9ms)[0m  [1m[34mSELECT "employees".* FROM "employees" WHERE "employees"."id" = ? LIMIT ?[0m  [["id", 1], ["LIMIT", 1]]
  â†³ app/helpers/sessions_helper.rb:7:in `current_user'
  Rendering layout layouts/application.html.erb
  Rendering employees/index.html.erb within layouts/application
  [1m[36mEmployee Load (5.3ms)[0m  [1m[34mSELECT "employees".* FROM "employees" WHERE "employees"."deleted_at" IS NULL ORDER BY number asc[0m
  â†³ app/views/employees/index.html.erb:19
  [1m[36mProfile Load (3.3ms)[0m  [1m[34mSELECT "profiles".* FROM "profiles" WHERE "profiles"."employee_id" = ? AND "profiles"."deleted_at" IS NULL[0m  [["employee_id", 1]]
  â†³ app/views/employees/index.html.erb:21
  [1m[36mDepartment Load (3.7ms)[0m  [1m[34mSELECT "departments".* FROM "departments" WHERE "departments"."id" = ? LIMIT ?[0m  [["id", 1], ["LIMIT", 1]]
  â†³ app/views/employees/index.html.erb:31
  [1m[36mProfile Load (2.7ms)[0m  [1m[34mSELECT "profiles".* FROM "profiles" WHERE "profiles"."employee_id" = ? AND "profiles"."deleted_at" IS NULL[0m  [["employee_id", 2]]
  â†³ app/views/employees/index.html.erb:21
  [1m[36mCACHE Department Load (0.0ms)[0m  [1m[34mSELECT "departments".* FROM "departments" WHERE "departments"."id" = ? LIMIT ?[0m  [["id", 1], ["LIMIT", 1]]
  â†³ app/views/employees/index.html.erb:31
  Rendered employees/index.html.erb within layouts/application (Duration: 218.0ms | Allocations: 9859)
[Webpacker] Everything's up-to-date. Nothing to do
[Webpacker] Everything's up-to-date. Nothing to do
  Rendered layouts/_header.html.erb (Duration: 71.4ms | Allocations: 1354)
  Rendered layout layouts/application.html.erb (Duration: 382.5ms | Allocations: 14139)
Completed 200 OK in 455ms (Views: 372.7ms | ActiveRecord: 19.8ms | Allocations: 15458)


Started GET "/employees/new" for 172.23.0.1 at 2022-06-15 08:01:27 +0000
Cannot render console from 172.23.0.1! Allowed networks: 127.0.0.0/127.255.255.255, ::1
Processing by EmployeesController#new as HTML
  [1m[36mEmployee Load (6.7ms)[0m  [1m[34mSELECT "employees".* FROM "employees" WHERE "employees"."id" = ? LIMIT ?[0m  [["id", 1], ["LIMIT", 1]]
  â†³ app/helpers/sessions_helper.rb:7:in `current_user'
  Rendering layout layouts/application.html.erb
  Rendering employees/new.html.erb within layouts/application
  [1m[36mDepartment Load (2.7ms)[0m  [1m[34mSELECT "departments".* FROM "departments"[0m
  â†³ app/views/employees/_form.html.erb:46
  [1m[36mOffice Load (4.3ms)[0m  [1m[34mSELECT "offices".* FROM "offices"[0m
  â†³ app/views/employees/_form.html.erb:51
  Rendered employees/_form.html.erb (Duration: 40.0ms | Allocations: 3922)
  Rendered employees/new.html.erb within layouts/application (Duration: 42.5ms | Allocations: 4015)
[Webpacker] Everything's up-to-date. Nothing to do
[Webpacker] Everything's up-to-date. Nothing to do
  Rendered layouts/_header.html.erb (Duration: 43.3ms | Allocations: 1353)
  Rendered layout layouts/application.html.erb (Duration: 211.1ms | Allocations: 8231)
Completed 200 OK in 235ms (Views: 209.1ms | ActiveRecord: 13.8ms | Allocations: 9376)


Started GET "/employees/new" for 172.23.0.1 at 2022-06-15 08:05:04 +0000
Cannot render console from 172.23.0.1! Allowed networks: 127.0.0.0/127.255.255.255, ::1
Processing by EmployeesController#new as HTML
  [1m[36mEmployee Load (3.9ms)[0m  [1m[34mSELECT "employees".* FROM "employees" WHERE "employees"."id" = ? LIMIT ?[0m  [["id", 1], ["LIMIT", 1]]
  â†³ app/helpers/sessions_helper.rb:7:in `current_user'
  Rendering layout layouts/application.html.erb
  Rendering employees/new.html.erb within layouts/application
  Rendered employees/_form.html.erb (Duration: 28.6ms | Allocations: 1776)
  Rendered employees/new.html.erb within layouts/application (Duration: 64.0ms | Allocations: 2114)
  Rendered layout layouts/application.html.erb (Duration: 68.7ms | Allocations: 2189)
Completed 500 Internal Server Error in 113ms (ActiveRecord: 3.9ms | Allocations: 4042)


  
ActionView::SyntaxErrorInTemplate (Encountered a syntax error while rendering template: check <div class="employee_form">
  <% if employee.errors.present? %>
    <ul>
      <% employee.errors.full_messages.each do |message| %>
        <li><%= message %></li>
      <% end %>
    </ul>
  <% end %>

  <%= form_with model: employee, local: true do |f| %>
    <div class="form_group">
      <%= f.label :number %>
      <%= f.text_field :number %>
    </div>

    <div class="form_group">
      <%= f.label :last_name %>
      <%= f.text_field :last_name %>

      <%= f.label :first_name %>
      <%= f.text_field :first_name %>
    </div>

    <div class="form_group">
      <%= f.label :account %>
      <%= f.text_field :account %>
    </div>

    <div class="form_group">
      <%= f.label :password %>
      <%= f.password_field :password %>
    </div>

    <div class="form_group">
      <%= f.label :e_mail %>
      <%= f.text_field :e_mail %>
    </div>

    <div class="form_group">
      <%= f.label :date_of_joining %>
      <%= f.text_field :date_of_joining %>
    </div>

    <div class="form_group">
      <%= f.label :department_id %>
      <%= f.collection_select(:department_id, @departments, :id, :name)%>
    </div>

    <div class="form_group">
      <%= f.label :office_id %>
      <%= f.collection_select(:office_id, @offices, :id, :name)%>
    </div>

    <div class="form_group">
      <%= f.label :employee_info_manage_auth, class: 'checkbox_label' %>
      <%= f.check_box :employee_info_manage_auth, :as => :boolean %>
    </div>

    <div class="form_group">
      <%= f.label :news_posting_auth, "ãŠçŸ¥ã‚‰ã›æŠ•ç¨¿æ¨©é™" class: 'checkbox_label' %>
      <%= f.check_box :news_posting_auth, :as => :boolean %>
    </div>

    <%= f.submit 'ä¿å­˜' %>
  <% end %>
</div>

):
1:    <div class="employee_form">
2:      <% if employee.errors.present? %>
3:        <ul>
4:          <% employee.errors.full_messages.each do |message| %>
5:            <li><%= message %></li>
6:          <% end %>
7:        </ul>
8:      <% end %>
9:    
10:      <%= form_with model: employee, local: true do |f| %>
11:        <div class="form_group">
12:          <%= f.label :number %>
13:          <%= f.text_field :number %>
14:        </div>
15:    
16:        <div class="form_group">
17:          <%= f.label :last_name %>
18:          <%= f.text_field :last_name %>
19:    
20:          <%= f.label :first_name %>
21:          <%= f.text_field :first_name %>
22:        </div>
23:    
24:        <div class="form_group">
25:          <%= f.label :account %>
26:          <%= f.text_field :account %>
27:        </div>
28:    
29:        <div class="form_group">
30:          <%= f.label :password %>
31:          <%= f.password_field :password %>
32:        </div>
33:    
34:        <div class="form_group">
35:          <%= f.label :e_mail %>
36:          <%= f.text_field :e_mail %>
37:        </div>
38:    
39:        <div class="form_group">
40:          <%= f.label :date_of_joining %>
41:          <%= f.text_field :date_of_joining %>
42:        </div>
43:    
44:        <div class="form_group">
45:          <%= f.label :department_id %>
46:          <%= f.collection_select(:department_id, @departments, :id, :name)%>
47:        </div>
48:    
49:        <div class="form_group">
50:          <%= f.label :office_id %>
51:          <%= f.collection_select(:office_id, @offices, :id, :name)%>
52:        </div>
53:    
54:        <div class="form_group">
55:          <%= f.label :employee_info_manage_auth, class: 'checkbox_label' %>
56:          <%= f.check_box :employee_info_manage_auth, :as => :boolean %>
57:        </div>
58:    
59:        <div class="form_group">
60:          <%= f.label :news_posting_auth, "ãŠçŸ¥ã‚‰ã›æŠ•ç¨¿æ¨©é™" class: 'checkbox_label' %>
61:          <%= f.check_box :news_posting_auth, :as => :boolean %>
62:        </div>
63:    
64:        <%= f.submit 'ä¿å­˜' %>
65:      <% end %>
66:    </div>
  
app/views/employees/_form.html.erb:60: syntax error, unexpected `class', expecting ')'
app/views/employees/_form.html.erb:60: syntax error, unexpected `class', expecting ')'
app/views/employees/_form.html.erb:60: syntax error, unexpected `class', expecting ')'
app/views/employees/_form.html.erb:60: syntax error, unexpected `class', expecting ')'
app/views/employees/_form.html.erb:60: syntax error, unexpected `class', expecting ')'
app/views/employees/_form.html.erb:60: syntax error, unexpected `class', expecting ')'
app/views/employees/new.html.erb:1
Started GET "/employees/new" for 172.23.0.1 at 2022-06-15 08:05:57 +0000
Cannot render console from 172.23.0.1! Allowed networks: 127.0.0.0/127.255.255.255, ::1
Processing by EmployeesController#new as HTML
  [1m[36mEmployee Load (3.6ms)[0m  [1m[34mSELECT "employees".* FROM "employees" WHERE "employees"."id" = ? LIMIT ?[0m  [["id", 1], ["LIMIT", 1]]
  â†³ app/helpers/sessions_helper.rb:7:in `current_user'
  Rendering layout layouts/application.html.erb
  Rendering employees/new.html.erb within layouts/application
  Rendered employees/_form.html.erb (Duration: 7.1ms | Allocations: 1763)
  Rendered employees/new.html.erb within layouts/application (Duration: 46.7ms | Allocations: 2101)
  Rendered layout layouts/application.html.erb (Duration: 53.5ms | Allocations: 2176)
Completed 500 Internal Server Error in 83ms (ActiveRecord: 3.6ms | Allocations: 4125)


  
ActionView::SyntaxErrorInTemplate (Encountered a syntax error while rendering template: check <div class="employee_form">
  <% if employee.errors.present? %>
    <ul>
      <% employee.errors.full_messages.each do |message| %>
        <li><%= message %></li>
      <% end %>
    </ul>
  <% end %>

  <%= form_with model: employee, local: true do |f| %>
    <div class="form_group">
      <%= f.label :number %>
      <%= f.text_field :number %>
    </div>

    <div class="form_group">
      <%= f.label :last_name %>
      <%= f.text_field :last_name %>

      <%= f.label :first_name %>
      <%= f.text_field :first_name %>
    </div>

    <div class="form_group">
      <%= f.label :account %>
      <%= f.text_field :account %>
    </div>

    <div class="form_group">
      <%= f.label :password %>
      <%= f.password_field :password %>
    </div>

    <div class="form_group">
      <%= f.label :e_mail %>
      <%= f.text_field :e_mail %>
    </div>

    <div class="form_group">
      <%= f.label :date_of_joining %>
      <%= f.text_field :date_of_joining %>
    </div>

    <div class="form_group">
      <%= f.label :department_id %>
      <%= f.collection_select(:department_id, @departments, :id, :name)%>
    </div>

    <div class="form_group">
      <%= f.label :office_id %>
      <%= f.collection_select(:office_id, @offices, :id, :name)%>
    </div>

    <div class="form_group">
      <%= f.label :employee_info_manage_auth, class: 'checkbox_label' %>
      <%= f.check_box :employee_info_manage_auth, :as => :boolean %>
    </div>

    <div class="form_group">
      <%= f.label :news_posting_auth, 'ãŠçŸ¥ã‚‰ã›æŠ•ç¨¿æ¨©é™' class: 'checkbox_label' %>
      <%= f.check_box :news_posting_auth, :as => :boolean %>
    </div>

    <%= f.submit 'ä¿å­˜' %>
  <% end %>
</div>

):
1:    <div class="employee_form">
2:      <% if employee.errors.present? %>
3:        <ul>
4:          <% employee.errors.full_messages.each do |message| %>
5:            <li><%= message %></li>
6:          <% end %>
7:        </ul>
8:      <% end %>
9:    
10:      <%= form_with model: employee, local: true do |f| %>
11:        <div class="form_group">
12:          <%= f.label :number %>
13:          <%= f.text_field :number %>
14:        </div>
15:    
16:        <div class="form_group">
17:          <%= f.label :last_name %>
18:          <%= f.text_field :last_name %>
19:    
20:          <%= f.label :first_name %>
21:          <%= f.text_field :first_name %>
22:        </div>
23:    
24:        <div class="form_group">
25:          <%= f.label :account %>
26:          <%= f.text_field :account %>
27:        </div>
28:    
29:        <div class="form_group">
30:          <%= f.label :password %>
31:          <%= f.password_field :password %>
32:        </div>
33:    
34:        <div class="form_group">
35:          <%= f.label :e_mail %>
36:          <%= f.text_field :e_mail %>
37:        </div>
38:    
39:        <div class="form_group">
40:          <%= f.label :date_of_joining %>
41:          <%= f.text_field :date_of_joining %>
42:        </div>
43:    
44:        <div class="form_group">
45:          <%= f.label :department_id %>
46:          <%= f.collection_select(:department_id, @departments, :id, :name)%>
47:        </div>
48:    
49:        <div class="form_group">
50:          <%= f.label :office_id %>
51:          <%= f.collection_select(:office_id, @offices, :id, :name)%>
52:        </div>
53:    
54:        <div class="form_group">
55:          <%= f.label :employee_info_manage_auth, class: 'checkbox_label' %>
56:          <%= f.check_box :employee_info_manage_auth, :as => :boolean %>
57:        </div>
58:    
59:        <div class="form_group">
60:          <%= f.label :news_posting_auth, 'ãŠçŸ¥ã‚‰ã›æŠ•ç¨¿æ¨©é™' class: 'checkbox_label' %>
61:          <%= f.check_box :news_posting_auth, :as => :boolean %>
62:        </div>
63:    
64:        <%= f.submit 'ä¿å­˜' %>
65:      <% end %>
66:    </div>
  
app/views/employees/_form.html.erb:60: syntax error, unexpected `class', expecting ')'
app/views/employees/_form.html.erb:60: syntax error, unexpected `class', expecting ')'
app/views/employees/_form.html.erb:60: syntax error, unexpected `class', expecting ')'
app/views/employees/_form.html.erb:60: syntax error, unexpected `class', expecting ')'
app/views/employees/_form.html.erb:60: syntax error, unexpected `class', expecting ')'
app/views/employees/_form.html.erb:60: syntax error, unexpected `class', expecting ')'
app/views/employees/new.html.erb:1
Started GET "/employees/new" for 172.23.0.1 at 2022-06-15 08:06:23 +0000
Cannot render console from 172.23.0.1! Allowed networks: 127.0.0.0/127.255.255.255, ::1
Processing by EmployeesController#new as HTML
  [1m[36mEmployee Load (3.9ms)[0m  [1m[34mSELECT "employees".* FROM "employees" WHERE "employees"."id" = ? LIMIT ?[0m  [["id", 1], ["LIMIT", 1]]
  â†³ app/helpers/sessions_helper.rb:7:in `current_user'
  Rendering layout layouts/application.html.erb
  Rendering employees/new.html.erb within layouts/application
  [1m[36mDepartment Load (4.0ms)[0m  [1m[34mSELECT "departments".* FROM "departments"[0m
  â†³ app/views/employees/_form.html.erb:46
  [1m[36mOffice Load (3.6ms)[0m  [1m[34mSELECT "offices".* FROM "offices"[0m
  â†³ app/views/employees/_form.html.erb:51
  Rendered employees/_form.html.erb (Duration: 58.6ms | Allocations: 4752)
  Rendered employees/new.html.erb within layouts/application (Duration: 107.6ms | Allocations: 5088)
[Webpacker] Everything's up-to-date. Nothing to do
[Webpacker] Everything's up-to-date. Nothing to do
  Rendered layouts/_header.html.erb (Duration: 37.4ms | Allocations: 1559)
  Rendered layout layouts/application.html.erb (Duration: 211.2ms | Allocations: 10055)
Completed 200 OK in 238ms (Views: 213.7ms | ActiveRecord: 11.5ms | Allocations: 12041)


Started GET "/employees/new" for 172.23.0.1 at 2022-06-15 08:06:43 +0000
Cannot render console from 172.23.0.1! Allowed networks: 127.0.0.0/127.255.255.255, ::1
Processing by EmployeesController#new as HTML
  [1m[36mEmployee Load (5.5ms)[0m  [1m[34mSELECT "employees".* FROM "employees" WHERE "employees"."id" = ? LIMIT ?[0m  [["id", 1], ["LIMIT", 1]]
  â†³ app/helpers/sessions_helper.rb:7:in `current_user'
  Rendering layout layouts/application.html.erb
  Rendering employees/new.html.erb within layouts/application
  [1m[36mDepartment Load (2.5ms)[0m  [1m[34mSELECT "departments".* FROM "departments"[0m
  â†³ app/views/employees/_form.html.erb:46
  [1m[36mOffice Load (4.2ms)[0m  [1m[34mSELECT "offices".* FROM "offices"[0m
  â†³ app/views/employees/_form.html.erb:51
  Rendered employees/_form.html.erb (Duration: 36.2ms | Allocations: 4732)
  Rendered employees/new.html.erb within layouts/application (Duration: 82.0ms | Allocations: 5068)
[Webpacker] Everything's up-to-date. Nothing to do
[Webpacker] Everything's up-to-date. Nothing to do
  Rendered layouts/_header.html.erb (Duration: 61.1ms | Allocations: 1559)
  Rendered layout layouts/application.html.erb (Duration: 214.7ms | Allocations: 10022)
Completed 200 OK in 244ms (Views: 217.4ms | ActiveRecord: 12.2ms | Allocations: 11954)


Started GET "/employees/new" for 172.23.0.1 at 2022-06-15 08:07:56 +0000
Cannot render console from 172.23.0.1! Allowed networks: 127.0.0.0/127.255.255.255, ::1
Processing by EmployeesController#new as HTML
  [1m[36mEmployee Load (7.5ms)[0m  [1m[34mSELECT "employees".* FROM "employees" WHERE "employees"."id" = ? LIMIT ?[0m  [["id", 1], ["LIMIT", 1]]
  â†³ app/helpers/sessions_helper.rb:7:in `current_user'
  Rendering layout layouts/application.html.erb
  Rendering employees/new.html.erb within layouts/application
  [1m[36mDepartment Load (2.5ms)[0m  [1m[34mSELECT "departments".* FROM "departments"[0m
  â†³ app/views/employees/_form.html.erb:46
  [1m[36mOffice Load (5.9ms)[0m  [1m[34mSELECT "offices".* FROM "offices"[0m
  â†³ app/views/employees/_form.html.erb:51
  Rendered employees/_form.html.erb (Duration: 43.5ms | Allocations: 4635)
  Rendered employees/new.html.erb within layouts/application (Duration: 83.6ms | Allocations: 4970)
[Webpacker] Everything's up-to-date. Nothing to do
[Webpacker] Everything's up-to-date. Nothing to do
  Rendered layouts/_header.html.erb (Duration: 34.9ms | Allocations: 1563)
  Rendered layout layouts/application.html.erb (Duration: 229.8ms | Allocations: 9930)
Completed 200 OK in 269ms (Views: 229.2ms | ActiveRecord: 15.9ms | Allocations: 11863)


Started GET "/employees/new" for 172.23.0.1 at 2022-06-15 08:08:48 +0000
Cannot render console from 172.23.0.1! Allowed networks: 127.0.0.0/127.255.255.255, ::1
Processing by EmployeesController#new as HTML
  [1m[36mEmployee Load (3.9ms)[0m  [1m[34mSELECT "employees".* FROM "employees" WHERE "employees"."id" = ? LIMIT ?[0m  [["id", 1], ["LIMIT", 1]]
  â†³ app/helpers/sessions_helper.rb:7:in `current_user'
  Rendering layout layouts/application.html.erb
  Rendering employees/new.html.erb within layouts/application
  [1m[36mDepartment Load (3.5ms)[0m  [1m[34mSELECT "departments".* FROM "departments"[0m
  â†³ app/views/employees/_form.html.erb:46
  [1m[36mOffice Load (2.2ms)[0m  [1m[34mSELECT "offices".* FROM "offices"[0m
  â†³ app/views/employees/_form.html.erb:51
  Rendered employees/_form.html.erb (Duration: 49.5ms | Allocations: 4539)
  Rendered employees/new.html.erb within layouts/application (Duration: 93.0ms | Allocations: 4876)
[Webpacker] Everything's up-to-date. Nothing to do
[Webpacker] Everything's up-to-date. Nothing to do
  Rendered layouts/_header.html.erb (Duration: 28.4ms | Allocations: 1559)
  Rendered layout layouts/application.html.erb (Duration: 185.7ms | Allocations: 9842)
Completed 200 OK in 213ms (Views: 190.4ms | ActiveRecord: 9.6ms | Allocations: 11781)


Started GET "/employees/new" for 172.23.0.1 at 2022-06-15 08:09:23 +0000
Cannot render console from 172.23.0.1! Allowed networks: 127.0.0.0/127.255.255.255, ::1
Processing by EmployeesController#new as HTML
  [1m[36mEmployee Load (4.1ms)[0m  [1m[34mSELECT "employees".* FROM "employees" WHERE "employees"."id" = ? LIMIT ?[0m  [["id", 1], ["LIMIT", 1]]
  â†³ app/helpers/sessions_helper.rb:7:in `current_user'
  Rendering layout layouts/application.html.erb
  Rendering employees/new.html.erb within layouts/application
  [1m[36mDepartment Load (2.7ms)[0m  [1m[34mSELECT "departments".* FROM "departments"[0m
  â†³ app/views/employees/_form.html.erb:46
  [1m[36mOffice Load (2.5ms)[0m  [1m[34mSELECT "offices".* FROM "offices"[0m
  â†³ app/views/employees/_form.html.erb:51
  Rendered employees/_form.html.erb (Duration: 37.4ms | Allocations: 4518)
  Rendered employees/new.html.erb within layouts/application (Duration: 75.8ms | Allocations: 4853)
[Webpacker] Everything's up-to-date. Nothing to do
[Webpacker] Everything's up-to-date. Nothing to do
  Rendered layouts/_header.html.erb (Duration: 36.8ms | Allocations: 1559)
  Rendered layout layouts/application.html.erb (Duration: 182.1ms | Allocations: 9807)
Completed 200 OK in 214ms (Views: 186.4ms | ActiveRecord: 9.3ms | Allocations: 11739)


Started POST "/employees" for 172.23.0.1 at 2022-06-15 08:09:30 +0000
Cannot render console from 172.23.0.1! Allowed networks: 127.0.0.0/127.255.255.255, ::1
Processing by EmployeesController#create as HTML
  Parameters: {"authenticity_token"=>"[FILTERED]", "employee"=>{"number"=>"", "last_name"=>"", "first_name"=>"", "account"=>"", "password"=>"[FILTERED]", "email"=>"", "date_of_joining"=>"", "department_id"=>"1", "office_id"=>"1", "employee_info_manage_auth"=>"0", "news_posting_auth"=>"0"}, "commit"=>"ä¿å­˜"}
  [1m[36mEmployee Load (5.9ms)[0m  [1m[34mSELECT "employees".* FROM "employees" WHERE "employees"."id" = ? LIMIT ?[0m  [["id", 1], ["LIMIT", 1]]
  â†³ app/helpers/sessions_helper.rb:7:in `current_user'
[31mUnpermitted parameter: :news_posting_auth[0m
  [1m[36mTRANSACTION (4.5ms)[0m  [1m[36mbegin transaction[0m
  â†³ app/controllers/employees_controller.rb:18:in `create'
  [1m[36mOffice Load (4.1ms)[0m  [1m[34mSELECT "offices".* FROM "offices" WHERE "offices"."id" = ? LIMIT ?[0m  [["id", 1], ["LIMIT", 1]]
  â†³ app/controllers/employees_controller.rb:18:in `create'
  [1m[36mDepartment Load (0.2ms)[0m  [1m[34mSELECT "departments".* FROM "departments" WHERE "departments"."id" = ? LIMIT ?[0m  [["id", 1], ["LIMIT", 1]]
  â†³ app/controllers/employees_controller.rb:18:in `create'
  [1m[36mEmployee Exists? (0.3ms)[0m  [1m[34mSELECT 1 AS one FROM "employees" WHERE "employees"."number" = ? LIMIT ?[0m  [["number", ""], ["LIMIT", 1]]
  â†³ app/controllers/employees_controller.rb:18:in `create'
  [1m[36mEmployee Exists? (0.3ms)[0m  [1m[34mSELECT 1 AS one FROM "employees" WHERE "employees"."account" = ? LIMIT ?[0m  [["account", ""], ["LIMIT", 1]]
  â†³ app/controllers/employees_controller.rb:18:in `create'
  [1m[36mTRANSACTION (0.8ms)[0m  [1m[31mrollback transaction[0m
  â†³ app/controllers/employees_controller.rb:18:in `create'
  Rendering layout layouts/application.html.erb
  Rendering employees/new.html.erb within layouts/application
  [1m[36mDepartment Load (3.0ms)[0m  [1m[34mSELECT "departments".* FROM "departments"[0m
  â†³ app/views/employees/_form.html.erb:46
  [1m[36mOffice Load (2.0ms)[0m  [1m[34mSELECT "offices".* FROM "offices"[0m
  â†³ app/views/employees/_form.html.erb:51
  Rendered employees/_form.html.erb (Duration: 73.8ms | Allocations: 8262)
  Rendered employees/new.html.erb within layouts/application (Duration: 76.9ms | Allocations: 8355)
[Webpacker] Everything's up-to-date. Nothing to do
[Webpacker] Everything's up-to-date. Nothing to do
  Rendered layouts/_header.html.erb (Duration: 33.2ms | Allocations: 1348)
  Rendered layout layouts/application.html.erb (Duration: 215.4ms | Allocations: 12486)
Completed 200 OK in 342ms (Views: 215.2ms | ActiveRecord: 21.1ms | Allocations: 20381)


Started POST "/employees" for 172.23.0.1 at 2022-06-15 08:12:44 +0000
Cannot render console from 172.23.0.1! Allowed networks: 127.0.0.0/127.255.255.255, ::1
Processing by EmployeesController#create as HTML
  Parameters: {"authenticity_token"=>"[FILTERED]", "employee"=>{"number"=>"", "last_name"=>"", "first_name"=>"", "account"=>"", "password"=>"[FILTERED]", "email"=>"", "date_of_joining"=>"", "department_id"=>"1", "office_id"=>"1", "employee_info_manage_auth"=>"0", "news_posting_auth"=>"0"}, "commit"=>"ä¿å­˜"}
  [1m[35m (0.2ms)[0m  [1m[34mSELECT sqlite_version(*)[0m
  â†³ app/helpers/sessions_helper.rb:7:in `current_user'
  [1m[36mEmployee Load (4.1ms)[0m  [1m[34mSELECT "employees".* FROM "employees" WHERE "employees"."id" = ? LIMIT ?[0m  [["id", 1], ["LIMIT", 1]]
  â†³ app/helpers/sessions_helper.rb:7:in `current_user'
[31mUnpermitted parameter: :news_posting_auth[0m
  [1m[36mTRANSACTION (0.1ms)[0m  [1m[36mbegin transaction[0m
  â†³ app/controllers/employees_controller.rb:18:in `create'
  [1m[36mOffice Load (0.2ms)[0m  [1m[34mSELECT "offices".* FROM "offices" WHERE "offices"."id" = ? LIMIT ?[0m  [["id", 1], ["LIMIT", 1]]
  â†³ app/controllers/employees_controller.rb:18:in `create'
  [1m[36mDepartment Load (0.3ms)[0m  [1m[34mSELECT "departments".* FROM "departments" WHERE "departments"."id" = ? LIMIT ?[0m  [["id", 1], ["LIMIT", 1]]
  â†³ app/controllers/employees_controller.rb:18:in `create'
  [1m[36mEmployee Exists? (0.4ms)[0m  [1m[34mSELECT 1 AS one FROM "employees" WHERE "employees"."number" = ? LIMIT ?[0m  [["number", ""], ["LIMIT", 1]]
  â†³ app/controllers/employees_controller.rb:18:in `create'
  [1m[36mEmployee Exists? (0.2ms)[0m  [1m[34mSELECT 1 AS one FROM "employees" WHERE "employees"."account" = ? LIMIT ?[0m  [["account", ""], ["LIMIT", 1]]
  â†³ app/controllers/employees_controller.rb:18:in `create'
  [1m[36mTRANSACTION (0.1ms)[0m  [1m[31mrollback transaction[0m
  â†³ app/controllers/employees_controller.rb:18:in `create'
  Rendering layout layouts/application.html.erb
  Rendering employees/new.html.erb within layouts/application
  [1m[36mDepartment Load (4.9ms)[0m  [1m[34mSELECT "departments".* FROM "departments"[0m
  â†³ app/views/employees/_form.html.erb:46
  [1m[36mOffice Load (2.4ms)[0m  [1m[34mSELECT "offices".* FROM "offices"[0m
  â†³ app/views/employees/_form.html.erb:51
  Rendered employees/_form.html.erb (Duration: 210.1ms | Allocations: 10032)
  Rendered employees/new.html.erb within layouts/application (Duration: 212.2ms | Allocations: 10141)
[Webpacker] Everything's up-to-date. Nothing to do
[Webpacker] Everything's up-to-date. Nothing to do
  Rendered layouts/_header.html.erb (Duration: 200.5ms | Allocations: 1368)
  Rendered layout layouts/application.html.erb (Duration: 1057.2ms | Allocations: 14511)
Completed 200 OK in 1290ms (Views: 1074.8ms | ActiveRecord: 43.4ms | Allocations: 39745)


Started GET "/employees/new" for 172.23.0.1 at 2022-06-15 08:18:02 +0000
Cannot render console from 172.23.0.1! Allowed networks: 127.0.0.0/127.255.255.255, ::1
Processing by EmployeesController#new as HTML
  [1m[35m (0.4ms)[0m  [1m[34mSELECT sqlite_version(*)[0m
  â†³ app/helpers/sessions_helper.rb:7:in `current_user'
  [1m[36mEmployee Load (3.2ms)[0m  [1m[34mSELECT "employees".* FROM "employees" WHERE "employees"."id" = ? LIMIT ?[0m  [["id", 1], ["LIMIT", 1]]
  â†³ app/helpers/sessions_helper.rb:7:in `current_user'
  Rendering layout layouts/application.html.erb
  Rendering employees/new.html.erb within layouts/application
  [1m[36mDepartment Load (2.7ms)[0m  [1m[34mSELECT "departments".* FROM "departments"[0m
  â†³ app/views/employees/_form.html.erb:46
  [1m[36mOffice Load (2.8ms)[0m  [1m[34mSELECT "offices".* FROM "offices"[0m
  â†³ app/views/employees/_form.html.erb:51
  Rendered employees/_form.html.erb (Duration: 122.9ms | Allocations: 9995)
  Rendered employees/new.html.erb within layouts/application (Duration: 127.8ms | Allocations: 10101)
[Webpacker] Everything's up-to-date. Nothing to do
[Webpacker] Everything's up-to-date. Nothing to do
  Rendered layouts/_header.html.erb (Duration: 44.3ms | Allocations: 1372)
  Rendered layout layouts/application.html.erb (Duration: 292.1ms | Allocations: 14512)
Completed 200 OK in 462ms (Views: 266.8ms | ActiveRecord: 66.3ms | Allocations: 27434)


Started GET "/employees" for 172.23.0.1 at 2022-06-15 08:18:05 +0000
Cannot render console from 172.23.0.1! Allowed networks: 127.0.0.0/127.255.255.255, ::1
Processing by EmployeesController#index as HTML
  [1m[36mEmployee Load (6.9ms)[0m  [1m[34mSELECT "employees".* FROM "employees" WHERE "employees"."id" = ? LIMIT ?[0m  [["id", 1], ["LIMIT", 1]]
  â†³ app/helpers/sessions_helper.rb:7:in `current_user'
  Rendering layout layouts/application.html.erb
  Rendering employees/index.html.erb within layouts/application
  [1m[36mEmployee Load (3.3ms)[0m  [1m[34mSELECT "employees".* FROM "employees" WHERE "employees"."deleted_at" IS NULL ORDER BY number asc[0m
  â†³ app/views/employees/index.html.erb:19
  [1m[36mProfile Load (2.3ms)[0m  [1m[34mSELECT "profiles".* FROM "profiles" WHERE "profiles"."employee_id" = ? AND "profiles"."deleted_at" IS NULL[0m  [["employee_id", 1]]
  â†³ app/views/employees/index.html.erb:21
  [1m[36mDepartment Load (2.5ms)[0m  [1m[34mSELECT "departments".* FROM "departments" WHERE "departments"."id" = ? LIMIT ?[0m  [["id", 1], ["LIMIT", 1]]
  â†³ app/views/employees/index.html.erb:31
  [1m[36mProfile Load (2.2ms)[0m  [1m[34mSELECT "profiles".* FROM "profiles" WHERE "profiles"."employee_id" = ? AND "profiles"."deleted_at" IS NULL[0m  [["employee_id", 2]]
  â†³ app/views/employees/index.html.erb:21
  [1m[36mCACHE Department Load (0.0ms)[0m  [1m[34mSELECT "departments".* FROM "departments" WHERE "departments"."id" = ? LIMIT ?[0m  [["id", 1], ["LIMIT", 1]]
  â†³ app/views/employees/index.html.erb:31
  Rendered employees/index.html.erb within layouts/application (Duration: 99.4ms | Allocations: 8078)
[Webpacker] Everything's up-to-date. Nothing to do
[Webpacker] Everything's up-to-date. Nothing to do
  Rendered layouts/_header.html.erb (Duration: 29.9ms | Allocations: 1353)
  Rendered layout layouts/application.html.erb (Duration: 195.2ms | Allocations: 12357)
Completed 200 OK in 226ms (Views: 187.9ms | ActiveRecord: 23.9ms | Allocations: 13780)


Started GET "/employees/2/edit" for 172.23.0.1 at 2022-06-15 08:18:07 +0000
Cannot render console from 172.23.0.1! Allowed networks: 127.0.0.0/127.255.255.255, ::1
Processing by EmployeesController#edit as HTML
  Parameters: {"id"=>"2"}
  [1m[36mEmployee Load (3.9ms)[0m  [1m[34mSELECT "employees".* FROM "employees" WHERE "employees"."id" = ? LIMIT ?[0m  [["id", 1], ["LIMIT", 1]]
  â†³ app/helpers/sessions_helper.rb:7:in `current_user'
  [1m[36mEmployee Load (2.7ms)[0m  [1m[34mSELECT "employees".* FROM "employees" WHERE "employees"."id" = ? LIMIT ?[0m  [["id", 2], ["LIMIT", 1]]
  â†³ app/controllers/employees_controller.rb:55:in `set_employee'
  Rendering layout layouts/application.html.erb
  Rendering employees/edit.html.erb within layouts/application
  [1m[36mDepartment Load (2.2ms)[0m  [1m[34mSELECT "departments".* FROM "departments"[0m
  â†³ app/views/employees/_form.html.erb:46
  [1m[36mOffice Load (2.2ms)[0m  [1m[34mSELECT "offices".* FROM "offices"[0m
  â†³ app/views/employees/_form.html.erb:51
  Rendered employees/_form.html.erb (Duration: 29.7ms | Allocations: 3783)
  Rendered employees/edit.html.erb within layouts/application (Duration: 36.2ms | Allocations: 3974)
[Webpacker] Everything's up-to-date. Nothing to do
[Webpacker] Everything's up-to-date. Nothing to do
  Rendered layouts/_header.html.erb (Duration: 28.1ms | Allocations: 1353)
  Rendered layout layouts/application.html.erb (Duration: 120.3ms | Allocations: 8180)
Completed 200 OK in 178ms (Views: 122.0ms | ActiveRecord: 10.9ms | Allocations: 10108)


Started GET "/employees" for 172.23.0.1 at 2022-06-15 08:18:10 +0000
Cannot render console from 172.23.0.1! Allowed networks: 127.0.0.0/127.255.255.255, ::1
Processing by EmployeesController#index as HTML
  [1m[36mEmployee Load (5.8ms)[0m  [1m[34mSELECT "employees".* FROM "employees" WHERE "employees"."id" = ? LIMIT ?[0m  [["id", 1], ["LIMIT", 1]]
  â†³ app/helpers/sessions_helper.rb:7:in `current_user'
  Rendering layout layouts/application.html.erb
  Rendering employees/index.html.erb within layouts/application
  [1m[36mEmployee Load (3.8ms)[0m  [1m[34mSELECT "employees".* FROM "employees" WHERE "employees"."deleted_at" IS NULL ORDER BY number asc[0m
  â†³ app/views/employees/index.html.erb:19
  [1m[36mProfile Load (2.3ms)[0m  [1m[34mSELECT "profiles".* FROM "profiles" WHERE "profiles"."employee_id" = ? AND "profiles"."deleted_at" IS NULL[0m  [["employee_id", 1]]
  â†³ app/views/employees/index.html.erb:21
  [1m[36mDepartment Load (3.7ms)[0m  [1m[34mSELECT "departments".* FROM "departments" WHERE "departments"."id" = ? LIMIT ?[0m  [["id", 1], ["LIMIT", 1]]
  â†³ app/views/employees/index.html.erb:31
  [1m[36mProfile Load (3.4ms)[0m  [1m[34mSELECT "profiles".* FROM "profiles" WHERE "profiles"."employee_id" = ? AND "profiles"."deleted_at" IS NULL[0m  [["employee_id", 2]]
  â†³ app/views/employees/index.html.erb:21
  [1m[36mCACHE Department Load (0.1ms)[0m  [1m[34mSELECT "departments".* FROM "departments" WHERE "departments"."id" = ? LIMIT ?[0m  [["id", 1], ["LIMIT", 1]]
  â†³ app/views/employees/index.html.erb:31
  Rendered employees/index.html.erb within layouts/application (Duration: 59.7ms | Allocations: 4489)
[Webpacker] Everything's up-to-date. Nothing to do
[Webpacker] Everything's up-to-date. Nothing to do
  Rendered layouts/_header.html.erb (Duration: 26.4ms | Allocations: 1352)
  Rendered layout layouts/application.html.erb (Duration: 166.8ms | Allocations: 8701)
Completed 200 OK in 193ms (Views: 158.0ms | ActiveRecord: 19.1ms | Allocations: 9842)


Started GET "/employees" for 172.23.0.1 at 2022-06-15 08:18:18 +0000
Cannot render console from 172.23.0.1! Allowed networks: 127.0.0.0/127.255.255.255, ::1
Processing by EmployeesController#index as HTML
  [1m[36mEmployee Load (2.7ms)[0m  [1m[34mSELECT "employees".* FROM "employees" WHERE "employees"."id" = ? LIMIT ?[0m  [["id", 1], ["LIMIT", 1]]
  â†³ app/helpers/sessions_helper.rb:7:in `current_user'
  Rendering layout layouts/application.html.erb
  Rendering employees/index.html.erb within layouts/application
  [1m[36mEmployee Load (3.8ms)[0m  [1m[34mSELECT "employees".* FROM "employees" WHERE "employees"."deleted_at" IS NULL ORDER BY number asc[0m
  â†³ app/views/employees/index.html.erb:19
  [1m[36mProfile Load (3.9ms)[0m  [1m[34mSELECT "profiles".* FROM "profiles" WHERE "profiles"."employee_id" = ? AND "profiles"."deleted_at" IS NULL[0m  [["employee_id", 1]]
  â†³ app/views/employees/index.html.erb:21
  [1m[36mDepartment Load (3.5ms)[0m  [1m[34mSELECT "departments".* FROM "departments" WHERE "departments"."id" = ? LIMIT ?[0m  [["id", 1], ["LIMIT", 1]]
  â†³ app/views/employees/index.html.erb:31
  [1m[36mProfile Load (3.1ms)[0m  [1m[34mSELECT "profiles".* FROM "profiles" WHERE "profiles"."employee_id" = ? AND "profiles"."deleted_at" IS NULL[0m  [["employee_id", 2]]
  â†³ app/views/employees/index.html.erb:21
  [1m[36mCACHE Department Load (0.1ms)[0m  [1m[34mSELECT "departments".* FROM "departments" WHERE "departments"."id" = ? LIMIT ?[0m  [["id", 1], ["LIMIT", 1]]
  â†³ app/views/employees/index.html.erb:31
  Rendered employees/index.html.erb within layouts/application (Duration: 65.6ms | Allocations: 4474)
[Webpacker] Everything's up-to-date. Nothing to do
[Webpacker] Everything's up-to-date. Nothing to do
  Rendered layouts/_header.html.erb (Duration: 27.3ms | Allocations: 1352)
  Rendered layout layouts/application.html.erb (Duration: 200.9ms | Allocations: 8697)
Completed 200 OK in 221ms (Views: 192.5ms | ActiveRecord: 17.2ms | Allocations: 9829)


Started GET "/employees/new" for 172.23.0.1 at 2022-06-15 08:18:20 +0000
Cannot render console from 172.23.0.1! Allowed networks: 127.0.0.0/127.255.255.255, ::1
Processing by EmployeesController#new as HTML
  [1m[36mEmployee Load (4.4ms)[0m  [1m[34mSELECT "employees".* FROM "employees" WHERE "employees"."id" = ? LIMIT ?[0m  [["id", 1], ["LIMIT", 1]]
  â†³ app/helpers/sessions_helper.rb:7:in `current_user'
  Rendering layout layouts/application.html.erb
  Rendering employees/new.html.erb within layouts/application
  [1m[36mDepartment Load (3.4ms)[0m  [1m[34mSELECT "departments".* FROM "departments"[0m
  â†³ app/views/employees/_form.html.erb:46
  [1m[36mOffice Load (2.9ms)[0m  [1m[34mSELECT "offices".* FROM "offices"[0m
  â†³ app/views/employees/_form.html.erb:51
  Rendered employees/_form.html.erb (Duration: 38.0ms | Allocations: 3636)
  Rendered employees/new.html.erb within layouts/application (Duration: 41.1ms | Allocations: 3729)
[Webpacker] Everything's up-to-date. Nothing to do
[Webpacker] Everything's up-to-date. Nothing to do
  Rendered layouts/_header.html.erb (Duration: 68.4ms | Allocations: 1353)
  Rendered layout layouts/application.html.erb (Duration: 195.4ms | Allocations: 7934)
Completed 200 OK in 216ms (Views: 194.7ms | ActiveRecord: 10.7ms | Allocations: 9003)


Started POST "/employees" for 172.23.0.1 at 2022-06-15 08:19:19 +0000
Cannot render console from 172.23.0.1! Allowed networks: 127.0.0.0/127.255.255.255, ::1
Processing by EmployeesController#create as HTML
  Parameters: {"authenticity_token"=>"[FILTERED]", "employee"=>{"number"=>"1234", "last_name"=>"ç”°ä¸­", "first_name"=>"è§’æ „", "account"=>"tanaka", "password"=>"[FILTERED]", "email"=>"tanaka@tanaka", "date_of_joining"=>"2022å¹´1æœˆ1æ—¥", "department_id"=>"1", "office_id"=>"1", "employee_info_manage_auth"=>"1", "news_posting_auth"=>"1"}, "commit"=>"ä¿å­˜"}
  [1m[36mEmployee Load (8.4ms)[0m  [1m[34mSELECT "employees".* FROM "employees" WHERE "employees"."id" = ? LIMIT ?[0m  [["id", 1], ["LIMIT", 1]]
  â†³ app/helpers/sessions_helper.rb:7:in `current_user'
[31mUnpermitted parameter: :news_posting_auth[0m
  [1m[36mTRANSACTION (0.2ms)[0m  [1m[36mbegin transaction[0m
  â†³ app/controllers/employees_controller.rb:18:in `create'
  [1m[36mOffice Load (5.1ms)[0m  [1m[34mSELECT "offices".* FROM "offices" WHERE "offices"."id" = ? LIMIT ?[0m  [["id", 1], ["LIMIT", 1]]
  â†³ app/controllers/employees_controller.rb:18:in `create'
  [1m[36mDepartment Load (0.1ms)[0m  [1m[34mSELECT "departments".* FROM "departments" WHERE "departments"."id" = ? LIMIT ?[0m  [["id", 1], ["LIMIT", 1]]
  â†³ app/controllers/employees_controller.rb:18:in `create'
  [1m[36mEmployee Exists? (0.9ms)[0m  [1m[34mSELECT 1 AS one FROM "employees" WHERE "employees"."number" = ? LIMIT ?[0m  [["number", "1234"], ["LIMIT", 1]]
  â†³ app/controllers/employees_controller.rb:18:in `create'
  [1m[36mEmployee Exists? (0.3ms)[0m  [1m[34mSELECT 1 AS one FROM "employees" WHERE "employees"."account" = ? LIMIT ?[0m  [["account", "tanaka"], ["LIMIT", 1]]
  â†³ app/controllers/employees_controller.rb:18:in `create'
  [1m[36mTRANSACTION (0.2ms)[0m  [1m[31mrollback transaction[0m
  â†³ app/controllers/employees_controller.rb:18:in `create'
  Rendering layout layouts/application.html.erb
  Rendering employees/new.html.erb within layouts/application
  [1m[36mDepartment Load (2.9ms)[0m  [1m[34mSELECT "departments".* FROM "departments"[0m
  â†³ app/views/employees/_form.html.erb:46
  [1m[36mOffice Load (2.6ms)[0m  [1m[34mSELECT "offices".* FROM "offices"[0m
  â†³ app/views/employees/_form.html.erb:51
  Rendered employees/_form.html.erb (Duration: 31.6ms | Allocations: 4417)
  Rendered employees/new.html.erb within layouts/application (Duration: 34.6ms | Allocations: 4510)
[Webpacker] Everything's up-to-date. Nothing to do
[Webpacker] Everything's up-to-date. Nothing to do
  Rendered layouts/_header.html.erb (Duration: 23.4ms | Allocations: 1348)
  Rendered layout layouts/application.html.erb (Duration: 179.9ms | Allocations: 8644)
Completed 200 OK in 349ms (Views: 178.3ms | ActiveRecord: 20.8ms | Allocations: 16430)


Started GET "/employees" for 172.23.0.1 at 2022-06-15 08:23:55 +0000
Cannot render console from 172.23.0.1! Allowed networks: 127.0.0.0/127.255.255.255, ::1
Processing by EmployeesController#index as HTML
  [1m[36mEmployee Load (9.7ms)[0m  [1m[34mSELECT "employees".* FROM "employees" WHERE "employees"."id" = ? LIMIT ?[0m  [["id", 1], ["LIMIT", 1]]
  â†³ app/helpers/sessions_helper.rb:7:in `current_user'
  Rendering layout layouts/application.html.erb
  Rendering employees/index.html.erb within layouts/application
  [1m[36mEmployee Load (3.6ms)[0m  [1m[34mSELECT "employees".* FROM "employees" WHERE "employees"."deleted_at" IS NULL ORDER BY number asc[0m
  â†³ app/views/employees/index.html.erb:19
  [1m[36mProfile Load (3.5ms)[0m  [1m[34mSELECT "profiles".* FROM "profiles" WHERE "profiles"."employee_id" = ? AND "profiles"."deleted_at" IS NULL[0m  [["employee_id", 1]]
  â†³ app/views/employees/index.html.erb:21
  [1m[36mDepartment Load (3.5ms)[0m  [1m[34mSELECT "departments".* FROM "departments" WHERE "departments"."id" = ? LIMIT ?[0m  [["id", 1], ["LIMIT", 1]]
  â†³ app/views/employees/index.html.erb:31
  [1m[36mProfile Load (2.8ms)[0m  [1m[34mSELECT "profiles".* FROM "profiles" WHERE "profiles"."employee_id" = ? AND "profiles"."deleted_at" IS NULL[0m  [["employee_id", 2]]
  â†³ app/views/employees/index.html.erb:21
  [1m[36mCACHE Department Load (0.1ms)[0m  [1m[34mSELECT "departments".* FROM "departments" WHERE "departments"."id" = ? LIMIT ?[0m  [["id", 1], ["LIMIT", 1]]
  â†³ app/views/employees/index.html.erb:31
  Rendered employees/index.html.erb within layouts/application (Duration: 57.8ms | Allocations: 4474)
[Webpacker] Everything's up-to-date. Nothing to do
[Webpacker] Everything's up-to-date. Nothing to do
  Rendered layouts/_header.html.erb (Duration: 55.1ms | Allocations: 1352)
  Rendered layout layouts/application.html.erb (Duration: 223.8ms | Allocations: 8686)
Completed 200 OK in 253ms (Views: 217.1ms | ActiveRecord: 23.2ms | Allocations: 9815)


Started GET "/employees/2/edit" for 172.23.0.1 at 2022-06-15 08:23:57 +0000
Cannot render console from 172.23.0.1! Allowed networks: 127.0.0.0/127.255.255.255, ::1
Processing by EmployeesController#edit as HTML
  Parameters: {"id"=>"2"}
  [1m[36mEmployee Load (7.9ms)[0m  [1m[34mSELECT "employees".* FROM "employees" WHERE "employees"."id" = ? LIMIT ?[0m  [["id", 1], ["LIMIT", 1]]
  â†³ app/helpers/sessions_helper.rb:7:in `current_user'
  [1m[36mEmployee Load (2.9ms)[0m  [1m[34mSELECT "employees".* FROM "employees" WHERE "employees"."id" = ? LIMIT ?[0m  [["id", 2], ["LIMIT", 1]]
  â†³ app/controllers/employees_controller.rb:55:in `set_employee'
  Rendering layout layouts/application.html.erb
  Rendering employees/edit.html.erb within layouts/application
  [1m[36mDepartment Load (3.0ms)[0m  [1m[34mSELECT "departments".* FROM "departments"[0m
  â†³ app/views/employees/_form.html.erb:46
  [1m[36mOffice Load (2.6ms)[0m  [1m[34mSELECT "offices".* FROM "offices"[0m
  â†³ app/views/employees/_form.html.erb:51
  Rendered employees/_form.html.erb (Duration: 27.4ms | Allocations: 3694)
  Rendered employees/edit.html.erb within layouts/application (Duration: 29.5ms | Allocations: 3787)
[Webpacker] Everything's up-to-date. Nothing to do
[Webpacker] Everything's up-to-date. Nothing to do
  Rendered layouts/_header.html.erb (Duration: 46.2ms | Allocations: 1353)
  Rendered layout layouts/application.html.erb (Duration: 157.2ms | Allocations: 7988)
Completed 200 OK in 193ms (Views: 156.2ms | ActiveRecord: 16.5ms | Allocations: 9586)


Started PATCH "/employees/2" for 172.23.0.1 at 2022-06-15 08:24:21 +0000
Cannot render console from 172.23.0.1! Allowed networks: 127.0.0.0/127.255.255.255, ::1
Processing by EmployeesController#update as HTML
  Parameters: {"authenticity_token"=>"[FILTERED]", "employee"=>{"number"=>"1111", "last_name"=>"okada", "first_name"=>"ryota", "account"=>"okada", "password"=>"[FILTERED]", "email"=>"sample@example.com", "date_of_joining"=>"20220101", "department_id"=>"1", "office_id"=>"1", "employee_info_manage_auth"=>"0", "news_posting_auth"=>"0"}, "commit"=>"ä¿å­˜", "id"=>"2"}
  [1m[36mEmployee Load (3.4ms)[0m  [1m[34mSELECT "employees".* FROM "employees" WHERE "employees"."id" = ? LIMIT ?[0m  [["id", 1], ["LIMIT", 1]]
  â†³ app/helpers/sessions_helper.rb:7:in `current_user'
  [1m[36mEmployee Load (3.4ms)[0m  [1m[34mSELECT "employees".* FROM "employees" WHERE "employees"."id" = ? LIMIT ?[0m  [["id", 2], ["LIMIT", 1]]
  â†³ app/controllers/employees_controller.rb:55:in `set_employee'
[31mUnpermitted parameter: :news_posting_auth[0m
  [1m[36mTRANSACTION (0.1ms)[0m  [1m[36mbegin transaction[0m
  â†³ app/controllers/employees_controller.rb:31:in `update'
  [1m[36mOffice Load (3.7ms)[0m  [1m[34mSELECT "offices".* FROM "offices" WHERE "offices"."id" = ? LIMIT ?[0m  [["id", 1], ["LIMIT", 1]]
  â†³ app/controllers/employees_controller.rb:31:in `update'
  [1m[36mDepartment Load (0.3ms)[0m  [1m[34mSELECT "departments".* FROM "departments" WHERE "departments"."id" = ? LIMIT ?[0m  [["id", 1], ["LIMIT", 1]]
  â†³ app/controllers/employees_controller.rb:31:in `update'
  [1m[36mEmployee Exists? (0.3ms)[0m  [1m[34mSELECT 1 AS one FROM "employees" WHERE "employees"."number" = ? AND "employees"."id" != ? LIMIT ?[0m  [["number", "1111"], ["id", 2], ["LIMIT", 1]]
  â†³ app/controllers/employees_controller.rb:31:in `update'
  [1m[36mEmployee Exists? (0.3ms)[0m  [1m[34mSELECT 1 AS one FROM "employees" WHERE "employees"."account" = ? AND "employees"."id" != ? LIMIT ?[0m  [["account", "okada"], ["id", 2], ["LIMIT", 1]]
  â†³ app/controllers/employees_controller.rb:31:in `update'
  [1m[36mEmployee Update (37.6ms)[0m  [1m[33mUPDATE "employees" SET "password" = ?, "date_of_joining" = ?, "updated_at" = ? WHERE "employees"."id" = ?[0m  [["password", "1234"], ["date_of_joining", "2022-01-01"], ["updated_at", "2022-06-15 08:24:21.714511"], ["id", 2]]
  â†³ app/controllers/employees_controller.rb:31:in `update'
  [1m[36mTRANSACTION (11.8ms)[0m  [1m[36mcommit transaction[0m
  â†³ app/controllers/employees_controller.rb:31:in `update'
Redirected to http://localhost:3000/employees
Completed 302 Found in 175ms (ActiveRecord: 61.0ms | Allocations: 9514)


Started GET "/employees" for 172.23.0.1 at 2022-06-15 08:24:21 +0000
Cannot render console from 172.23.0.1! Allowed networks: 127.0.0.0/127.255.255.255, ::1
Processing by EmployeesController#index as HTML
  [1m[36mEmployee Load (33.2ms)[0m  [1m[34mSELECT "employees".* FROM "employees" WHERE "employees"."id" = ? LIMIT ?[0m  [["id", 1], ["LIMIT", 1]]
  â†³ app/helpers/sessions_helper.rb:7:in `current_user'
  Rendering layout layouts/application.html.erb
  Rendering employees/index.html.erb within layouts/application
  [1m[36mEmployee Load (2.7ms)[0m  [1m[34mSELECT "employees".* FROM "employees" WHERE "employees"."deleted_at" IS NULL ORDER BY number asc[0m
  â†³ app/views/employees/index.html.erb:19
  [1m[36mProfile Load (2.4ms)[0m  [1m[34mSELECT "profiles".* FROM "profiles" WHERE "profiles"."employee_id" = ? AND "profiles"."deleted_at" IS NULL[0m  [["employee_id", 1]]
  â†³ app/views/employees/index.html.erb:21
  [1m[36mDepartment Load (2.1ms)[0m  [1m[34mSELECT "departments".* FROM "departments" WHERE "departments"."id" = ? LIMIT ?[0m  [["id", 1], ["LIMIT", 1]]
  â†³ app/views/employees/index.html.erb:31
  [1m[36mProfile Load (1.9ms)[0m  [1m[34mSELECT "profiles".* FROM "profiles" WHERE "profiles"."employee_id" = ? AND "profiles"."deleted_at" IS NULL[0m  [["employee_id", 2]]
  â†³ app/views/employees/index.html.erb:21
  [1m[36mCACHE Department Load (0.1ms)[0m  [1m[34mSELECT "departments".* FROM "departments" WHERE "departments"."id" = ? LIMIT ?[0m  [["id", 1], ["LIMIT", 1]]
  â†³ app/views/employees/index.html.erb:31
  Rendered employees/index.html.erb within layouts/application (Duration: 49.3ms | Allocations: 4481)
[Webpacker] Everything's up-to-date. Nothing to do
[Webpacker] Everything's up-to-date. Nothing to do
  Rendered layouts/_header.html.erb (Duration: 28.5ms | Allocations: 1352)
  Rendered layout layouts/application.html.erb (Duration: 129.6ms | Allocations: 8704)
Completed 200 OK in 175ms (Views: 123.9ms | ActiveRecord: 42.4ms | Allocations: 9843)


Started GET "/employees/2/edit" for 172.23.0.1 at 2022-06-15 08:24:24 +0000
Cannot render console from 172.23.0.1! Allowed networks: 127.0.0.0/127.255.255.255, ::1
Processing by EmployeesController#edit as HTML
  Parameters: {"id"=>"2"}
  [1m[36mEmployee Load (2.3ms)[0m  [1m[34mSELECT "employees".* FROM "employees" WHERE "employees"."id" = ? LIMIT ?[0m  [["id", 1], ["LIMIT", 1]]
  â†³ app/helpers/sessions_helper.rb:7:in `current_user'
  [1m[36mEmployee Load (3.1ms)[0m  [1m[34mSELECT "employees".* FROM "employees" WHERE "employees"."id" = ? LIMIT ?[0m  [["id", 2], ["LIMIT", 1]]
  â†³ app/controllers/employees_controller.rb:55:in `set_employee'
  Rendering layout layouts/application.html.erb
  Rendering employees/edit.html.erb within layouts/application
  [1m[36mDepartment Load (3.5ms)[0m  [1m[34mSELECT "departments".* FROM "departments"[0m
  â†³ app/views/employees/_form.html.erb:46
  [1m[36mOffice Load (4.2ms)[0m  [1m[34mSELECT "offices".* FROM "offices"[0m
  â†³ app/views/employees/_form.html.erb:51
  Rendered employees/_form.html.erb (Duration: 46.0ms | Allocations: 3715)
  Rendered employees/edit.html.erb within layouts/application (Duration: 49.7ms | Allocations: 3809)
[Webpacker] Everything's up-to-date. Nothing to do
[Webpacker] Everything's up-to-date. Nothing to do
  Rendered layouts/_header.html.erb (Duration: 24.2ms | Allocations: 1353)
  Rendered layout layouts/application.html.erb (Duration: 167.1ms | Allocations: 8014)
Completed 200 OK in 197ms (Views: 164.1ms | ActiveRecord: 13.0ms | Allocations: 9612)


Started GET "/employees" for 172.23.0.1 at 2022-06-15 08:24:43 +0000
Cannot render console from 172.23.0.1! Allowed networks: 127.0.0.0/127.255.255.255, ::1
Processing by EmployeesController#index as HTML
  [1m[36mEmployee Load (11.0ms)[0m  [1m[34mSELECT "employees".* FROM "employees" WHERE "employees"."id" = ? LIMIT ?[0m  [["id", 1], ["LIMIT", 1]]
  â†³ app/helpers/sessions_helper.rb:7:in `current_user'
  Rendering layout layouts/application.html.erb
  Rendering employees/index.html.erb within layouts/application
  [1m[36mEmployee Load (4.3ms)[0m  [1m[34mSELECT "employees".* FROM "employees" WHERE "employees"."deleted_at" IS NULL ORDER BY number asc[0m
  â†³ app/views/employees/index.html.erb:19
  [1m[36mProfile Load (4.2ms)[0m  [1m[34mSELECT "profiles".* FROM "profiles" WHERE "profiles"."employee_id" = ? AND "profiles"."deleted_at" IS NULL[0m  [["employee_id", 1]]
  â†³ app/views/employees/index.html.erb:21
  [1m[36mDepartment Load (2.7ms)[0m  [1m[34mSELECT "departments".* FROM "departments" WHERE "departments"."id" = ? LIMIT ?[0m  [["id", 1], ["LIMIT", 1]]
  â†³ app/views/employees/index.html.erb:31
  [1m[36mProfile Load (3.0ms)[0m  [1m[34mSELECT "profiles".* FROM "profiles" WHERE "profiles"."employee_id" = ? AND "profiles"."deleted_at" IS NULL[0m  [["employee_id", 2]]
  â†³ app/views/employees/index.html.erb:21
  [1m[36mCACHE Department Load (0.0ms)[0m  [1m[34mSELECT "departments".* FROM "departments" WHERE "departments"."id" = ? LIMIT ?[0m  [["id", 1], ["LIMIT", 1]]
  â†³ app/views/employees/index.html.erb:31
  Rendered employees/index.html.erb within layouts/application (Duration: 65.7ms | Allocations: 4474)
[Webpacker] Everything's up-to-date. Nothing to do
[Webpacker] Everything's up-to-date. Nothing to do
  Rendered layouts/_header.html.erb (Duration: 32.3ms | Allocations: 1353)
  Rendered layout layouts/application.html.erb (Duration: 193.9ms | Allocations: 8694)
Completed 200 OK in 228ms (Views: 188.9ms | ActiveRecord: 25.2ms | Allocations: 9823)


Started GET "/employees/new" for 172.23.0.1 at 2022-06-15 08:24:44 +0000
Cannot render console from 172.23.0.1! Allowed networks: 127.0.0.0/127.255.255.255, ::1
Processing by EmployeesController#new as HTML
  [1m[36mEmployee Load (4.4ms)[0m  [1m[34mSELECT "employees".* FROM "employees" WHERE "employees"."id" = ? LIMIT ?[0m  [["id", 1], ["LIMIT", 1]]
  â†³ app/helpers/sessions_helper.rb:7:in `current_user'
  Rendering layout layouts/application.html.erb
  Rendering employees/new.html.erb within layouts/application
  [1m[36mDepartment Load (2.4ms)[0m  [1m[34mSELECT "departments".* FROM "departments"[0m
  â†³ app/views/employees/_form.html.erb:46
  [1m[36mOffice Load (3.0ms)[0m  [1m[34mSELECT "offices".* FROM "offices"[0m
  â†³ app/views/employees/_form.html.erb:51
  Rendered employees/_form.html.erb (Duration: 34.1ms | Allocations: 3628)
  Rendered employees/new.html.erb within layouts/application (Duration: 39.8ms | Allocations: 3721)
[Webpacker] Everything's up-to-date. Nothing to do
[Webpacker] Everything's up-to-date. Nothing to do
  Rendered layouts/_header.html.erb (Duration: 28.0ms | Allocations: 1353)
  Rendered layout layouts/application.html.erb (Duration: 156.0ms | Allocations: 7922)
Completed 200 OK in 176ms (Views: 157.1ms | ActiveRecord: 9.7ms | Allocations: 8987)


Started POST "/employees" for 172.23.0.1 at 2022-06-15 08:25:12 +0000
Cannot render console from 172.23.0.1! Allowed networks: 127.0.0.0/127.255.255.255, ::1
Processing by EmployeesController#create as HTML
  Parameters: {"authenticity_token"=>"[FILTERED]", "employee"=>{"number"=>"1234", "last_name"=>"ç”°ä¸­", "first_name"=>"è§’æ „", "account"=>"tanaka", "password"=>"[FILTERED]", "email"=>"tanaka@tanaka", "date_of_joining"=>"20220601", "department_id"=>"1", "office_id"=>"1", "employee_info_manage_auth"=>"1", "news_posting_auth"=>"1"}, "commit"=>"ä¿å­˜"}
  [1m[36mEmployee Load (3.8ms)[0m  [1m[34mSELECT "employees".* FROM "employees" WHERE "employees"."id" = ? LIMIT ?[0m  [["id", 1], ["LIMIT", 1]]
  â†³ app/helpers/sessions_helper.rb:7:in `current_user'
[31mUnpermitted parameter: :news_posting_auth[0m
  [1m[36mTRANSACTION (0.1ms)[0m  [1m[36mbegin transaction[0m
  â†³ app/controllers/employees_controller.rb:18:in `create'
  [1m[36mOffice Load (3.1ms)[0m  [1m[34mSELECT "offices".* FROM "offices" WHERE "offices"."id" = ? LIMIT ?[0m  [["id", 1], ["LIMIT", 1]]
  â†³ app/controllers/employees_controller.rb:18:in `create'
  [1m[36mDepartment Load (0.2ms)[0m  [1m[34mSELECT "departments".* FROM "departments" WHERE "departments"."id" = ? LIMIT ?[0m  [["id", 1], ["LIMIT", 1]]
  â†³ app/controllers/employees_controller.rb:18:in `create'
  [1m[36mEmployee Exists? (0.2ms)[0m  [1m[34mSELECT 1 AS one FROM "employees" WHERE "employees"."number" = ? LIMIT ?[0m  [["number", "1234"], ["LIMIT", 1]]
  â†³ app/controllers/employees_controller.rb:18:in `create'
  [1m[36mEmployee Exists? (0.3ms)[0m  [1m[34mSELECT 1 AS one FROM "employees" WHERE "employees"."account" = ? LIMIT ?[0m  [["account", "tanaka"], ["LIMIT", 1]]
  â†³ app/controllers/employees_controller.rb:18:in `create'
  [1m[36mEmployee Create (48.5ms)[0m  [1m[32mINSERT INTO "employees" ("department_id", "office_id", "number", "last_name", "first_name", "account", "password", "email", "date_of_joining", "employee_info_manage_auth", "created_at", "updated_at") VALUES (?, ?, ?, ?, ?, ?, ?, ?, ?, ?, ?, ?)[0m  [["department_id", 1], ["office_id", 1], ["number", "1234"], ["last_name", "ç”°ä¸­"], ["first_name", "è§’æ „"], ["account", "tanaka"], ["password", "1234"], ["email", "tanaka@tanaka"], ["date_of_joining", "2022-06-01"], ["employee_info_manage_auth", 1], ["created_at", "2022-06-15 08:25:12.207982"], ["updated_at", "2022-06-15 08:25:12.207982"]]
  â†³ app/controllers/employees_controller.rb:18:in `create'
  [1m[36mTRANSACTION (9.9ms)[0m  [1m[36mcommit transaction[0m
  â†³ app/controllers/employees_controller.rb:18:in `create'
Redirected to http://localhost:3000/employees
Completed 302 Found in 145ms (ActiveRecord: 65.9ms | Allocations: 8966)


Started GET "/employees" for 172.23.0.1 at 2022-06-15 08:25:12 +0000
Cannot render console from 172.23.0.1! Allowed networks: 127.0.0.0/127.255.255.255, ::1
Processing by EmployeesController#index as HTML
  [1m[36mEmployee Load (4.2ms)[0m  [1m[34mSELECT "employees".* FROM "employees" WHERE "employees"."id" = ? LIMIT ?[0m  [["id", 1], ["LIMIT", 1]]
  â†³ app/helpers/sessions_helper.rb:7:in `current_user'
  Rendering layout layouts/application.html.erb
  Rendering employees/index.html.erb within layouts/application
  [1m[36mEmployee Load (2.0ms)[0m  [1m[34mSELECT "employees".* FROM "employees" WHERE "employees"."deleted_at" IS NULL ORDER BY number asc[0m
  â†³ app/views/employees/index.html.erb:19
  [1m[36mProfile Load (2.7ms)[0m  [1m[34mSELECT "profiles".* FROM "profiles" WHERE "profiles"."employee_id" = ? AND "profiles"."deleted_at" IS NULL[0m  [["employee_id", 1]]
  â†³ app/views/employees/index.html.erb:21
  [1m[36mDepartment Load (2.4ms)[0m  [1m[34mSELECT "departments".* FROM "departments" WHERE "departments"."id" = ? LIMIT ?[0m  [["id", 1], ["LIMIT", 1]]
  â†³ app/views/employees/index.html.erb:31
  [1m[36mProfile Load (2.6ms)[0m  [1m[34mSELECT "profiles".* FROM "profiles" WHERE "profiles"."employee_id" = ? AND "profiles"."deleted_at" IS NULL[0m  [["employee_id", 2]]
  â†³ app/views/employees/index.html.erb:21
  [1m[36mCACHE Department Load (0.1ms)[0m  [1m[34mSELECT "departments".* FROM "departments" WHERE "departments"."id" = ? LIMIT ?[0m  [["id", 1], ["LIMIT", 1]]
  â†³ app/views/employees/index.html.erb:31
  [1m[36mProfile Load (2.9ms)[0m  [1m[34mSELECT "profiles".* FROM "profiles" WHERE "profiles"."employee_id" = ? AND "profiles"."deleted_at" IS NULL[0m  [["employee_id", 3]]
  â†³ app/views/employees/index.html.erb:21
  [1m[36mCACHE Department Load (0.0ms)[0m  [1m[34mSELECT "departments".* FROM "departments" WHERE "departments"."id" = ? LIMIT ?[0m  [["id", 1], ["LIMIT", 1]]
  â†³ app/views/employees/index.html.erb:31
  Rendered employees/index.html.erb within layouts/application (Duration: 72.3ms | Allocations: 6554)
[Webpacker] Everything's up-to-date. Nothing to do
[Webpacker] Everything's up-to-date. Nothing to do
  Rendered layouts/_header.html.erb (Duration: 25.8ms | Allocations: 1353)
  Rendered layout layouts/application.html.erb (Duration: 210.5ms | Allocations: 10778)
Completed 200 OK in 226ms (Views: 201.8ms | ActiveRecord: 16.9ms | Allocations: 11917)


Started GET "/employees/3/edit" for 172.23.0.1 at 2022-06-15 08:25:15 +0000
Cannot render console from 172.23.0.1! Allowed networks: 127.0.0.0/127.255.255.255, ::1
Processing by EmployeesController#edit as HTML
  Parameters: {"id"=>"3"}
  [1m[36mEmployee Load (7.4ms)[0m  [1m[34mSELECT "employees".* FROM "employees" WHERE "employees"."id" = ? LIMIT ?[0m  [["id", 1], ["LIMIT", 1]]
  â†³ app/helpers/sessions_helper.rb:7:in `current_user'
  [1m[36mEmployee Load (3.1ms)[0m  [1m[34mSELECT "employees".* FROM "employees" WHERE "employees"."id" = ? LIMIT ?[0m  [["id", 3], ["LIMIT", 1]]
  â†³ app/controllers/employees_controller.rb:55:in `set_employee'
  Rendering layout layouts/application.html.erb
  Rendering employees/edit.html.erb within layouts/application
  [1m[36mDepartment Load (2.9ms)[0m  [1m[34mSELECT "departments".* FROM "departments"[0m
  â†³ app/views/employees/_form.html.erb:46
  [1m[36mOffice Load (3.4ms)[0m  [1m[34mSELECT "offices".* FROM "offices"[0m
  â†³ app/views/employees/_form.html.erb:51
  Rendered employees/_form.html.erb (Duration: 33.6ms | Allocations: 3706)
  Rendered employees/edit.html.erb within layouts/application (Duration: 36.5ms | Allocations: 3799)
[Webpacker] Everything's up-to-date. Nothing to do
[Webpacker] Everything's up-to-date. Nothing to do
  Rendered layouts/_header.html.erb (Duration: 31.1ms | Allocations: 1353)
  Rendered layout layouts/application.html.erb (Duration: 181.1ms | Allocations: 8011)
Completed 200 OK in 219ms (Views: 178.7ms | ActiveRecord: 16.9ms | Allocations: 9613)


Started PATCH "/employees/3" for 172.23.0.1 at 2022-06-15 08:26:16 +0000
Cannot render console from 172.23.0.1! Allowed networks: 127.0.0.0/127.255.255.255, ::1
Processing by EmployeesController#update as HTML
  Parameters: {"authenticity_token"=>"[FILTERED]", "employee"=>{"number"=>"1234", "last_name"=>"ç”°ä¸­", "first_name"=>"è§’æ „", "account"=>"tanaka", "password"=>"[FILTERED]", "email"=>"tanaka@tanaka", "date_of_joining"=>"2022-06-01", "department_id"=>"1", "office_id"=>"1", "employee_info_manage_auth"=>"1", "news_posting_auth"=>"1"}, "commit"=>"ä¿å­˜", "id"=>"3"}
  [1m[35m (0.1ms)[0m  [1m[34mSELECT sqlite_version(*)[0m
  â†³ app/helpers/sessions_helper.rb:7:in `current_user'
  [1m[36mEmployee Load (3.5ms)[0m  [1m[34mSELECT "employees".* FROM "employees" WHERE "employees"."id" = ? LIMIT ?[0m  [["id", 1], ["LIMIT", 1]]
  â†³ app/helpers/sessions_helper.rb:7:in `current_user'
  [1m[36mEmployee Load (3.2ms)[0m  [1m[34mSELECT "employees".* FROM "employees" WHERE "employees"."id" = ? LIMIT ?[0m  [["id", 3], ["LIMIT", 1]]
  â†³ app/controllers/employees_controller.rb:55:in `set_employee'
  [1m[36mTRANSACTION (0.1ms)[0m  [1m[36mbegin transaction[0m
  â†³ app/controllers/employees_controller.rb:31:in `update'
  [1m[36mOffice Load (1.8ms)[0m  [1m[34mSELECT "offices".* FROM "offices" WHERE "offices"."id" = ? LIMIT ?[0m  [["id", 1], ["LIMIT", 1]]
  â†³ app/controllers/employees_controller.rb:31:in `update'
  [1m[36mDepartment Load (1.4ms)[0m  [1m[34mSELECT "departments".* FROM "departments" WHERE "departments"."id" = ? LIMIT ?[0m  [["id", 1], ["LIMIT", 1]]
  â†³ app/controllers/employees_controller.rb:31:in `update'
  [1m[36mEmployee Exists? (0.2ms)[0m  [1m[34mSELECT 1 AS one FROM "employees" WHERE "employees"."number" = ? AND "employees"."id" != ? LIMIT ?[0m  [["number", "1234"], ["id", 3], ["LIMIT", 1]]
  â†³ app/controllers/employees_controller.rb:31:in `update'
  [1m[36mEmployee Exists? (0.3ms)[0m  [1m[34mSELECT 1 AS one FROM "employees" WHERE "employees"."account" = ? AND "employees"."id" != ? LIMIT ?[0m  [["account", "tanaka"], ["id", 3], ["LIMIT", 1]]
  â†³ app/controllers/employees_controller.rb:31:in `update'
  [1m[36mEmployee Update (40.5ms)[0m  [1m[33mUPDATE "employees" SET "updated_at" = ?, "news_posting_auth" = ? WHERE "employees"."id" = ?[0m  [["updated_at", "2022-06-15 08:26:16.638058"], ["news_posting_auth", 1], ["id", 3]]
  â†³ app/controllers/employees_controller.rb:31:in `update'
  [1m[36mTRANSACTION (9.6ms)[0m  [1m[36mcommit transaction[0m
  â†³ app/controllers/employees_controller.rb:31:in `update'
Redirected to http://localhost:3000/employees
Completed 302 Found in 277ms (ActiveRecord: 100.0ms | Allocations: 28433)


Started GET "/employees" for 172.23.0.1 at 2022-06-15 08:26:16 +0000
Cannot render console from 172.23.0.1! Allowed networks: 127.0.0.0/127.255.255.255, ::1
Processing by EmployeesController#index as HTML
  [1m[36mEmployee Load (7.2ms)[0m  [1m[34mSELECT "employees".* FROM "employees" WHERE "employees"."id" = ? LIMIT ?[0m  [["id", 1], ["LIMIT", 1]]
  â†³ app/helpers/sessions_helper.rb:7:in `current_user'
  Rendering layout layouts/application.html.erb
  Rendering employees/index.html.erb within layouts/application
  [1m[36mEmployee Load (2.7ms)[0m  [1m[34mSELECT "employees".* FROM "employees" WHERE "employees"."deleted_at" IS NULL ORDER BY number asc[0m
  â†³ app/views/employees/index.html.erb:19
  [1m[36mProfile Load (3.3ms)[0m  [1m[34mSELECT "profiles".* FROM "profiles" WHERE "profiles"."employee_id" = ? AND "profiles"."deleted_at" IS NULL[0m  [["employee_id", 1]]
  â†³ app/views/employees/index.html.erb:21
  [1m[36mDepartment Load (2.8ms)[0m  [1m[34mSELECT "departments".* FROM "departments" WHERE "departments"."id" = ? LIMIT ?[0m  [["id", 1], ["LIMIT", 1]]
  â†³ app/views/employees/index.html.erb:31
  [1m[36mProfile Load (2.9ms)[0m  [1m[34mSELECT "profiles".* FROM "profiles" WHERE "profiles"."employee_id" = ? AND "profiles"."deleted_at" IS NULL[0m  [["employee_id", 2]]
  â†³ app/views/employees/index.html.erb:21
  [1m[36mCACHE Department Load (0.0ms)[0m  [1m[34mSELECT "departments".* FROM "departments" WHERE "departments"."id" = ? LIMIT ?[0m  [["id", 1], ["LIMIT", 1]]
  â†³ app/views/employees/index.html.erb:31
  [1m[36mProfile Load (2.1ms)[0m  [1m[34mSELECT "profiles".* FROM "profiles" WHERE "profiles"."employee_id" = ? AND "profiles"."deleted_at" IS NULL[0m  [["employee_id", 3]]
  â†³ app/views/employees/index.html.erb:21
  [1m[36mCACHE Department Load (0.0ms)[0m  [1m[34mSELECT "departments".* FROM "departments" WHERE "departments"."id" = ? LIMIT ?[0m  [["id", 1], ["LIMIT", 1]]
  â†³ app/views/employees/index.html.erb:31
  Rendered employees/index.html.erb within layouts/application (Duration: 133.2ms | Allocations: 8756)
[Webpacker] Everything's up-to-date. Nothing to do
[Webpacker] Everything's up-to-date. Nothing to do
  Rendered layouts/_header.html.erb (Duration: 64.1ms | Allocations: 1360)
  Rendered layout layouts/application.html.erb (Duration: 285.0ms | Allocations: 13125)
Completed 200 OK in 307ms (Views: 272.4ms | ActiveRecord: 25.3ms | Allocations: 14929)


Started GET "/employees/3/edit" for 172.23.0.1 at 2022-06-15 08:26:20 +0000
Cannot render console from 172.23.0.1! Allowed networks: 127.0.0.0/127.255.255.255, ::1
Processing by EmployeesController#edit as HTML
  Parameters: {"id"=>"3"}
  [1m[36mEmployee Load (4.2ms)[0m  [1m[34mSELECT "employees".* FROM "employees" WHERE "employees"."id" = ? LIMIT ?[0m  [["id", 1], ["LIMIT", 1]]
  â†³ app/helpers/sessions_helper.rb:7:in `current_user'
  [1m[36mEmployee Load (3.2ms)[0m  [1m[34mSELECT "employees".* FROM "employees" WHERE "employees"."id" = ? LIMIT ?[0m  [["id", 3], ["LIMIT", 1]]
  â†³ app/controllers/employees_controller.rb:55:in `set_employee'
  Rendering layout layouts/application.html.erb
  Rendering employees/edit.html.erb within layouts/application
  [1m[36mDepartment Load (2.7ms)[0m  [1m[34mSELECT "departments".* FROM "departments"[0m
  â†³ app/views/employees/_form.html.erb:46
  [1m[36mOffice Load (3.5ms)[0m  [1m[34mSELECT "offices".* FROM "offices"[0m
  â†³ app/views/employees/_form.html.erb:51
  Rendered employees/_form.html.erb (Duration: 29.7ms | Allocations: 3968)
  Rendered employees/edit.html.erb within layouts/application (Duration: 32.5ms | Allocations: 4064)
[Webpacker] Everything's up-to-date. Nothing to do
[Webpacker] Everything's up-to-date. Nothing to do
  Rendered layouts/_header.html.erb (Duration: 28.4ms | Allocations: 1353)
  Rendered layout layouts/application.html.erb (Duration: 167.3ms | Allocations: 8278)
Completed 200 OK in 197ms (Views: 164.9ms | ActiveRecord: 13.5ms | Allocations: 9962)


Started GET "/employees" for 172.23.0.1 at 2022-06-15 08:26:23 +0000
Cannot render console from 172.23.0.1! Allowed networks: 127.0.0.0/127.255.255.255, ::1
Processing by EmployeesController#index as HTML
  [1m[36mEmployee Load (12.0ms)[0m  [1m[34mSELECT "employees".* FROM "employees" WHERE "employees"."id" = ? LIMIT ?[0m  [["id", 1], ["LIMIT", 1]]
  â†³ app/helpers/sessions_helper.rb:7:in `current_user'
  Rendering layout layouts/application.html.erb
  Rendering employees/index.html.erb within layouts/application
  [1m[36mEmployee Load (4.3ms)[0m  [1m[34mSELECT "employees".* FROM "employees" WHERE "employees"."deleted_at" IS NULL ORDER BY number asc[0m
  â†³ app/views/employees/index.html.erb:19
  [1m[36mProfile Load (2.1ms)[0m  [1m[34mSELECT "profiles".* FROM "profiles" WHERE "profiles"."employee_id" = ? AND "profiles"."deleted_at" IS NULL[0m  [["employee_id", 1]]
  â†³ app/views/employees/index.html.erb:21
  [1m[36mDepartment Load (2.6ms)[0m  [1m[34mSELECT "departments".* FROM "departments" WHERE "departments"."id" = ? LIMIT ?[0m  [["id", 1], ["LIMIT", 1]]
  â†³ app/views/employees/index.html.erb:31
  [1m[36mProfile Load (2.8ms)[0m  [1m[34mSELECT "profiles".* FROM "profiles" WHERE "profiles"."employee_id" = ? AND "profiles"."deleted_at" IS NULL[0m  [["employee_id", 2]]
  â†³ app/views/employees/index.html.erb:21
  [1m[36mCACHE Department Load (0.0ms)[0m  [1m[34mSELECT "departments".* FROM "departments" WHERE "departments"."id" = ? LIMIT ?[0m  [["id", 1], ["LIMIT", 1]]
  â†³ app/views/employees/index.html.erb:31
  [1m[36mProfile Load (2.2ms)[0m  [1m[34mSELECT "profiles".* FROM "profiles" WHERE "profiles"."employee_id" = ? AND "profiles"."deleted_at" IS NULL[0m  [["employee_id", 3]]
  â†³ app/views/employees/index.html.erb:21
  [1m[36mCACHE Department Load (0.0ms)[0m  [1m[34mSELECT "departments".* FROM "departments" WHERE "departments"."id" = ? LIMIT ?[0m  [["id", 1], ["LIMIT", 1]]
  â†³ app/views/employees/index.html.erb:31
  Rendered employees/index.html.erb within layouts/application (Duration: 91.5ms | Allocations: 6220)
[Webpacker] Everything's up-to-date. Nothing to do
[Webpacker] Everything's up-to-date. Nothing to do
  Rendered layouts/_header.html.erb (Duration: 35.8ms | Allocations: 1352)
  Rendered layout layouts/application.html.erb (Duration: 237.5ms | Allocations: 10443)
Completed 200 OK in 274ms (Views: 229.5ms | ActiveRecord: 26.0ms | Allocations: 11586)


Started GET "/employees/3/edit" for 172.23.0.1 at 2022-06-15 08:28:27 +0000
Cannot render console from 172.23.0.1! Allowed networks: 127.0.0.0/127.255.255.255, ::1
Processing by EmployeesController#edit as HTML
  Parameters: {"id"=>"3"}
  [1m[36mEmployee Load (4.0ms)[0m  [1m[34mSELECT "employees".* FROM "employees" WHERE "employees"."id" = ? LIMIT ?[0m  [["id", 1], ["LIMIT", 1]]
  â†³ app/helpers/sessions_helper.rb:7:in `current_user'
  [1m[36mEmployee Load (2.5ms)[0m  [1m[34mSELECT "employees".* FROM "employees" WHERE "employees"."id" = ? LIMIT ?[0m  [["id", 3], ["LIMIT", 1]]
  â†³ app/controllers/employees_controller.rb:55:in `set_employee'
  Rendering layout layouts/application.html.erb
  Rendering employees/edit.html.erb within layouts/application
  [1m[36mDepartment Load (3.8ms)[0m  [1m[34mSELECT "departments".* FROM "departments"[0m
  â†³ app/views/employees/_form.html.erb:46
  [1m[36mOffice Load (2.9ms)[0m  [1m[34mSELECT "offices".* FROM "offices"[0m
  â†³ app/views/employees/_form.html.erb:51
  Rendered employees/_form.html.erb (Duration: 36.9ms | Allocations: 3698)
  Rendered employees/edit.html.erb within layouts/application (Duration: 39.2ms | Allocations: 3791)
[Webpacker] Everything's up-to-date. Nothing to do
[Webpacker] Everything's up-to-date. Nothing to do
  Rendered layouts/_header.html.erb (Duration: 73.3ms | Allocations: 1353)
  Rendered layout layouts/application.html.erb (Duration: 201.6ms | Allocations: 7993)
Completed 200 OK in 236ms (Views: 202.8ms | ActiveRecord: 13.2ms | Allocations: 9591)


